<?xml version="1.0" encoding="UTF-8"?>
<testng-results ignored="0" total="2" passed="2" failed="0" skipped="0">
  <reporter-output>
  </reporter-output>
  <suite started-at="2026-04-10T23:53:07 IST" name="Amazon Suite" finished-at="2026-04-10T23:53:27 IST" duration-ms="19740">
    <groups>
      <group name="cucumber">
        <method signature="AbstractTestNGCucumberTests.runScenario(io.cucumber.testng.PickleWrapper,io.cucumber.testng.FeatureWrapper)[pri:0, instance:runner.TestRunner@11fc564b]" name="runScenario" class="io.cucumber.testng.AbstractTestNGCucumberTests"/>
      </group> <!-- cucumber -->
    </groups>
    <test started-at="2026-04-10T23:53:07 IST" name="Amazon Test" finished-at="2026-04-10T23:53:27 IST" duration-ms="19740">
      <class name="runner.TestRunner">
        <test-method is-config="true" signature="setUpClass(org.testng.ITestContext)[pri:0, instance:runner.TestRunner@11fc564b]" started-at="2026-04-10T23:53:07 IST" name="setUpClass" finished-at="2026-04-10T23:53:08 IST" duration-ms="413" status="PASS">
          <params>
            <param index="0">
              <value>
                <![CDATA[org.testng.TestRunner@673bb956]]>
              </value>
            </param>
          </params>
          <reporter-output>
          </reporter-output>
        </test-method> <!-- setUpClass -->
        <test-method signature="runScenario(io.cucumber.testng.PickleWrapper,io.cucumber.testng.FeatureWrapper)[pri:0, instance:runner.TestRunner@11fc564b]" started-at="2026-04-10T23:53:08 IST" name="runScenario" description="Runs Cucumber Scenarios" data-provider="scenarios" finished-at="2026-04-10T23:53:27 IST" duration-ms="19039" status="PASS">
          <params>
            <param index="0">
              <value>
                <![CDATA["search product"]]>
              </value>
            </param>
            <param index="1">
              <value>
                <![CDATA["Amazon search"]]>
              </value>
            </param>
          </params>
          <reporter-output>
          </reporter-output>
        </test-method> <!-- runScenario -->
        <test-method signature="runScenario(io.cucumber.testng.PickleWrapper,io.cucumber.testng.FeatureWrapper)[pri:0, instance:runner.TestRunner@11fc564b]" started-at="2026-04-10T23:53:08 IST" name="runScenario" description="Runs Cucumber Scenarios" data-provider="scenarios" finished-at="2026-04-10T23:53:22 IST" duration-ms="13772" status="PASS">
          <params>
            <param index="0">
              <value>
                <![CDATA["search product"]]>
              </value>
            </param>
            <param index="1">
              <value>
                <![CDATA["Amazon search"]]>
              </value>
            </param>
          </params>
          <reporter-output>
          </reporter-output>
        </test-method> <!-- runScenario -->
        <test-method is-config="true" signature="tearDownClass()[pri:0, instance:runner.TestRunner@11fc564b]" started-at="2026-04-10T23:53:27 IST" name="tearDownClass" finished-at="2026-04-10T23:53:27 IST" duration-ms="250" status="PASS">
          <reporter-output>
          </reporter-output>
        </test-method> <!-- tearDownClass -->
      </class> <!-- runner.TestRunner -->
    </test> <!-- Amazon Test -->
  </suite> <!-- Amazon Suite -->
</testng-results>
